2023-11-14 18:26:41 — INFO — Running with edr=0.12.0
2023-11-14 18:26:41 — INFO — Running dbt --log-format json deps --project-dir /Users/suman/workspace/dbt-test/dbt-env/lib/python3.11/site-packages/elementary/monitor/dbt_project
2023-11-14 18:26:52 — DEBUG — Result bytes size for command '['dbt', '--log-format', 'json', 'deps', '--project-dir', '/Users/suman/workspace/dbt-test/dbt-env/lib/python3.11/site-packages/elementary/monitor/dbt_project']' is 3539
2023-11-14 18:26:52 — INFO — Running with dbt=1.7.0
2023-11-14 18:26:52 — INFO — Updating lock file in file path: /Users/suman/workspace/dbt-test/dbt-env/lib/python3.11/site-packages/elementary/monitor/dbt_project/package-lock.yml
2023-11-14 18:26:52 — INFO — Installing dbt-labs/dbt_utils
2023-11-14 18:26:52 — INFO — Installed from version 0.8.6
2023-11-14 18:26:52 — INFO — Updated version available: 1.1.1
2023-11-14 18:26:52 — INFO — Installing elementary-data/elementary
2023-11-14 18:26:52 — INFO — Installed from version 0.12.0
2023-11-14 18:26:52 — INFO — Updated version available: 0.12.1
2023-11-14 18:26:52 — INFO — 
2023-11-14 18:26:52 — INFO — Updates available for packages: ['dbt-labs/dbt_utils', 'elementary-data/elementary']                 
Update your versions in packages.yml, then run dbt deps
2023-11-14 18:26:52 — DEBUG — Running dbt --log-format json run-operation elementary.log_macro_results --args {"macro_name": "elementary_cli.get_latest_invocation", "macro_args": {}} --project-dir /Users/suman/workspace/dbt-test/dbt-env/lib/python3.11/site-packages/elementary/monitor/dbt_project
[31;20m2023-11-14 18:26:55 — ERROR — Unable to get the latest invocation: Failed to run dbt command.
Encountered an error:
Runtime Error
  Could not find profile named 'elementary'[0m
2023-11-14 18:26:55 — DEBUG — Running dbt --log-format json run-operation elementary.log_macro_results --args {"macro_name": "elementary_cli.get_adapter_type_and_unique_id", "macro_args": {}} --project-dir /Users/suman/workspace/dbt-test/dbt-env/lib/python3.11/site-packages/elementary/monitor/dbt_project
2023-11-14 18:26:58 — DEBUG — Could not get warehouse info.
Traceback (most recent call last):
  File "/Users/suman/workspace/dbt-test/dbt-env/lib/python3.11/site-packages/elementary/clients/dbt/dbt_runner.py", line 82, in _run_command
    result = subprocess.run(
             ^^^^^^^^^^^^^^^
  File "/opt/homebrew/Cellar/python@3.11/3.11.6_1/Frameworks/Python.framework/Versions/3.11/lib/python3.11/subprocess.py", line 571, in run
    raise CalledProcessError(retcode, process.args,
subprocess.CalledProcessError: Command '['dbt', '--log-format', 'json', 'run-operation', 'elementary.log_macro_results', '--args', '{"macro_name": "elementary_cli.get_adapter_type_and_unique_id", "macro_args": {}}', '--project-dir', '/Users/suman/workspace/dbt-test/dbt-env/lib/python3.11/site-packages/elementary/monitor/dbt_project']' returned non-zero exit status 2.

During handling of the above exception, another exception occurred:

Traceback (most recent call last):
  File "/Users/suman/workspace/dbt-test/dbt-env/lib/python3.11/site-packages/elementary/monitor/data_monitoring/data_monitoring.py", line 179, in _get_warehouse_info
    self.internal_dbt_runner.run_operation(
  File "/Users/suman/workspace/dbt-test/dbt-env/lib/python3.11/site-packages/elementary/clients/dbt/dbt_runner.py", line 154, in run_operation
    success, command_output = self._run_command(
                              ^^^^^^^^^^^^^^^^^^
  File "/Users/suman/workspace/dbt-test/dbt-env/lib/python3.11/site-packages/elementary/clients/dbt/dbt_runner.py", line 93, in _run_command
    raise DbtCommandError(err, command_args, logs=logs)
elementary.exceptions.exceptions.DbtCommandError: Failed to run dbt command.
Encountered an error:
Runtime Error
  Could not find profile named 'elementary'
2023-11-14 18:26:58 — DEBUG — Running dbt --log-format json run-operation elementary.log_macro_results --args {"macro_name": "elementary_cli.get_elementary_database_and_schema", "macro_args": {}} --project-dir /Users/suman/workspace/dbt-test/dbt-env/lib/python3.11/site-packages/elementary/monitor/dbt_project
[31;20m2023-11-14 18:27:01 — ERROR — Failed to parse Elementary's database and schema.[0m
2023-11-14 18:27:01 — INFO — Running dbt --log-format json run-operation elementary.log_macro_results --args {"macro_name": "elementary_cli.get_test_results", "macro_args": {"days_back": 7, "invocations_per_test": 720, "disable_passed_test_metrics": false}} --project-dir /Users/suman/workspace/dbt-test/dbt-env/lib/python3.11/site-packages/elementary/monitor/dbt_project
[31;20m2023-11-14 18:27:03 — ERROR — Could not generate the report - Error: Failed to run dbt command.
Encountered an error:
Runtime Error
  Could not find profile named 'elementary'
Please reach out to our community for help with this issue.[0m
NoneType: None
2023-11-14 20:25:45 — INFO — Running with edr=0.12.0
2023-11-14 20:25:45 — DEBUG — Running dbt --log-format json run-operation elementary.log_macro_results --args {"macro_name": "elementary_cli.get_latest_invocation", "macro_args": {}} --project-dir /Users/suman/workspace/dbt-test/dbt-env/lib/python3.11/site-packages/elementary/monitor/dbt_project
2023-11-14 20:25:57 — DEBUG — Result bytes size for command '['dbt', '--log-format', 'json', 'run-operation', 'elementary.log_macro_results', '--args', '{"macro_name": "elementary_cli.get_latest_invocation", "macro_args": {}}', '--project-dir', '/Users/suman/workspace/dbt-test/dbt-env/lib/python3.11/site-packages/elementary/monitor/dbt_project']' is 4136
2023-11-14 20:25:57 — DEBUG — Running dbt --log-format json run-operation elementary.log_macro_results --args {"macro_name": "elementary_cli.get_adapter_type_and_unique_id", "macro_args": {}} --project-dir /Users/suman/workspace/dbt-test/dbt-env/lib/python3.11/site-packages/elementary/monitor/dbt_project
2023-11-14 20:26:00 — DEBUG — Result bytes size for command '['dbt', '--log-format', 'json', 'run-operation', 'elementary.log_macro_results', '--args', '{"macro_name": "elementary_cli.get_adapter_type_and_unique_id", "macro_args": {}}', '--project-dir', '/Users/suman/workspace/dbt-test/dbt-env/lib/python3.11/site-packages/elementary/monitor/dbt_project']' is 1891
2023-11-14 20:26:00 — INFO — edr (0.12.0) and Elementary's dbt package (0.12.1) are compatible.
2023-11-14 20:26:00 — DEBUG — Running dbt --log-format json run-operation elementary.log_macro_results --args {"macro_name": "elementary_cli.get_elementary_database_and_schema", "macro_args": {}} --project-dir /Users/suman/workspace/dbt-test/dbt-env/lib/python3.11/site-packages/elementary/monitor/dbt_project
2023-11-14 20:26:03 — DEBUG — Result bytes size for command '['dbt', '--log-format', 'json', 'run-operation', 'elementary.log_macro_results', '--args', '{"macro_name": "elementary_cli.get_elementary_database_and_schema", "macro_args": {}}', '--project-dir', '/Users/suman/workspace/dbt-test/dbt-env/lib/python3.11/site-packages/elementary/monitor/dbt_project']' is 1859
2023-11-14 20:26:03 — INFO — Elementary's database and schema: '"test_db.test_schema"'
2023-11-14 20:26:03 — INFO — Running dbt --log-format json run-operation elementary.log_macro_results --args {"macro_name": "elementary_cli.get_test_results", "macro_args": {"days_back": 7, "invocations_per_test": 720, "disable_passed_test_metrics": false}} --project-dir /Users/suman/workspace/dbt-test/dbt-env/lib/python3.11/site-packages/elementary/monitor/dbt_project
2023-11-14 20:26:12 — DEBUG — Result bytes size for command '['dbt', '--log-format', 'json', 'run-operation', 'elementary.log_macro_results', '--args', '{"macro_name": "elementary_cli.get_test_results", "macro_args": {"days_back": 7, "invocations_per_test": 720, "disable_passed_test_metrics": false}}', '--project-dir', '/Users/suman/workspace/dbt-test/dbt-env/lib/python3.11/site-packages/elementary/monitor/dbt_project']' is 27341
2023-11-14 20:26:12 — INFO — Running dbt --log-format json run-operation elementary.log_macro_results --args {"macro_name": "elementary_cli.get_models", "macro_args": {"exclude_elementary": true}} --project-dir /Users/suman/workspace/dbt-test/dbt-env/lib/python3.11/site-packages/elementary/monitor/dbt_project
2023-11-14 20:26:20 — DEBUG — Result bytes size for command '['dbt', '--log-format', 'json', 'run-operation', 'elementary.log_macro_results', '--args', '{"macro_name": "elementary_cli.get_models", "macro_args": {"exclude_elementary": true}}', '--project-dir', '/Users/suman/workspace/dbt-test/dbt-env/lib/python3.11/site-packages/elementary/monitor/dbt_project']' is 3727
2023-11-14 20:26:20 — INFO — Running dbt --log-format json run-operation elementary.log_macro_results --args {"macro_name": "elementary_cli.get_sources", "macro_args": {}} --project-dir /Users/suman/workspace/dbt-test/dbt-env/lib/python3.11/site-packages/elementary/monitor/dbt_project
2023-11-14 20:26:27 — DEBUG — Result bytes size for command '['dbt', '--log-format', 'json', 'run-operation', 'elementary.log_macro_results', '--args', '{"macro_name": "elementary_cli.get_sources", "macro_args": {}}', '--project-dir', '/Users/suman/workspace/dbt-test/dbt-env/lib/python3.11/site-packages/elementary/monitor/dbt_project']' is 1817
2023-11-14 20:26:27 — INFO — Running dbt --log-format json run-operation elementary.log_macro_results --args {"macro_name": "elementary_cli.get_exposures", "macro_args": {}} --project-dir /Users/suman/workspace/dbt-test/dbt-env/lib/python3.11/site-packages/elementary/monitor/dbt_project
2023-11-14 20:26:35 — DEBUG — Result bytes size for command '['dbt', '--log-format', 'json', 'run-operation', 'elementary.log_macro_results', '--args', '{"macro_name": "elementary_cli.get_exposures", "macro_args": {}}', '--project-dir', '/Users/suman/workspace/dbt-test/dbt-env/lib/python3.11/site-packages/elementary/monitor/dbt_project']' is 1817
2023-11-14 20:26:35 — INFO — Running dbt --log-format json run-operation elementary.log_macro_results --args {"macro_name": "elementary_cli.get_models_runs", "macro_args": {"days_back": 7, "exclude_elementary": true}} --project-dir /Users/suman/workspace/dbt-test/dbt-env/lib/python3.11/site-packages/elementary/monitor/dbt_project
2023-11-14 20:26:43 — DEBUG — Result bytes size for command '['dbt', '--log-format', 'json', 'run-operation', 'elementary.log_macro_results', '--args', '{"macro_name": "elementary_cli.get_models_runs", "macro_args": {"days_back": 7, "exclude_elementary": true}}', '--project-dir', '/Users/suman/workspace/dbt-test/dbt-env/lib/python3.11/site-packages/elementary/monitor/dbt_project']' is 1817
2023-11-14 20:26:43 — INFO — Running dbt --log-format json run-operation elementary.log_macro_results --args {"macro_name": "elementary_cli.get_dbt_models_test_coverage", "macro_args": {}} --project-dir /Users/suman/workspace/dbt-test/dbt-env/lib/python3.11/site-packages/elementary/monitor/dbt_project
2023-11-14 20:26:51 — DEBUG — Result bytes size for command '['dbt', '--log-format', 'json', 'run-operation', 'elementary.log_macro_results', '--args', '{"macro_name": "elementary_cli.get_dbt_models_test_coverage", "macro_args": {}}', '--project-dir', '/Users/suman/workspace/dbt-test/dbt-env/lib/python3.11/site-packages/elementary/monitor/dbt_project']' is 2255
2023-11-14 20:26:51 — INFO — Running dbt --log-format json run-operation elementary.log_macro_results --args {"macro_name": "elementary_cli.get_nodes_depends_on_nodes", "macro_args": {"exclude_elementary": true}} --project-dir /Users/suman/workspace/dbt-test/dbt-env/lib/python3.11/site-packages/elementary/monitor/dbt_project
2023-11-14 20:26:58 — DEBUG — Result bytes size for command '['dbt', '--log-format', 'json', 'run-operation', 'elementary.log_macro_results', '--args', '{"macro_name": "elementary_cli.get_nodes_depends_on_nodes", "macro_args": {"exclude_elementary": true}}', '--project-dir', '/Users/suman/workspace/dbt-test/dbt-env/lib/python3.11/site-packages/elementary/monitor/dbt_project']' is 2367
2023-11-14 20:26:58 — INFO — Running dbt --log-format json run-operation elementary.log_macro_results --args {"macro_name": "elementary_cli.get_models_latest_invocation", "macro_args": {}} --project-dir /Users/suman/workspace/dbt-test/dbt-env/lib/python3.11/site-packages/elementary/monitor/dbt_project
2023-11-14 20:27:05 — DEBUG — Result bytes size for command '['dbt', '--log-format', 'json', 'run-operation', 'elementary.log_macro_results', '--args', '{"macro_name": "elementary_cli.get_models_latest_invocation", "macro_args": {}}', '--project-dir', '/Users/suman/workspace/dbt-test/dbt-env/lib/python3.11/site-packages/elementary/monitor/dbt_project']' is 8913
2023-11-14 20:27:05 — INFO — Running dbt --log-format json run-operation elementary.log_macro_results --args {"macro_name": "elementary_cli.get_models_latest_invocations_data", "macro_args": {}} --project-dir /Users/suman/workspace/dbt-test/dbt-env/lib/python3.11/site-packages/elementary/monitor/dbt_project
2023-11-14 20:27:13 — DEBUG — Result bytes size for command '['dbt', '--log-format', 'json', 'run-operation', 'elementary.log_macro_results', '--args', '{"macro_name": "elementary_cli.get_models_latest_invocations_data", "macro_args": {}}', '--project-dir', '/Users/suman/workspace/dbt-test/dbt-env/lib/python3.11/site-packages/elementary/monitor/dbt_project']' is 2273
2023-11-14 22:14:07 — INFO — Running with edr=0.12.0
2023-11-14 22:14:07 — DEBUG — Running dbt --log-format json run-operation elementary.log_macro_results --args {"macro_name": "elementary_cli.get_latest_invocation", "macro_args": {}} --project-dir /Users/suman/workspace/dbt-test/dbt-env/lib/python3.11/site-packages/elementary/monitor/dbt_project
2023-11-14 22:14:16 — DEBUG — Result bytes size for command '['dbt', '--log-format', 'json', 'run-operation', 'elementary.log_macro_results', '--args', '{"macro_name": "elementary_cli.get_latest_invocation", "macro_args": {}}', '--project-dir', '/Users/suman/workspace/dbt-test/dbt-env/lib/python3.11/site-packages/elementary/monitor/dbt_project']' is 3735
2023-11-14 22:14:16 — DEBUG — Running dbt --log-format json run-operation elementary.log_macro_results --args {"macro_name": "elementary_cli.get_adapter_type_and_unique_id", "macro_args": {}} --project-dir /Users/suman/workspace/dbt-test/dbt-env/lib/python3.11/site-packages/elementary/monitor/dbt_project
2023-11-14 22:14:19 — DEBUG — Result bytes size for command '['dbt', '--log-format', 'json', 'run-operation', 'elementary.log_macro_results', '--args', '{"macro_name": "elementary_cli.get_adapter_type_and_unique_id", "macro_args": {}}', '--project-dir', '/Users/suman/workspace/dbt-test/dbt-env/lib/python3.11/site-packages/elementary/monitor/dbt_project']' is 1891
2023-11-14 22:14:19 — INFO — edr (0.12.0) and Elementary's dbt package (0.12.1) are compatible.
2023-11-14 22:14:19 — DEBUG — Running dbt --log-format json run-operation elementary.log_macro_results --args {"macro_name": "elementary_cli.get_elementary_database_and_schema", "macro_args": {}} --project-dir /Users/suman/workspace/dbt-test/dbt-env/lib/python3.11/site-packages/elementary/monitor/dbt_project
2023-11-14 22:14:22 — DEBUG — Result bytes size for command '['dbt', '--log-format', 'json', 'run-operation', 'elementary.log_macro_results', '--args', '{"macro_name": "elementary_cli.get_elementary_database_and_schema", "macro_args": {}}', '--project-dir', '/Users/suman/workspace/dbt-test/dbt-env/lib/python3.11/site-packages/elementary/monitor/dbt_project']' is 1859
2023-11-14 22:14:22 — INFO — Elementary's database and schema: '"test_db.test_schema"'
2023-11-14 22:14:22 — INFO — Running dbt --log-format json run-operation elementary.log_macro_results --args {"macro_name": "elementary_cli.get_test_results", "macro_args": {"days_back": 7, "invocations_per_test": 720, "disable_passed_test_metrics": false}} --project-dir /Users/suman/workspace/dbt-test/dbt-env/lib/python3.11/site-packages/elementary/monitor/dbt_project
2023-11-14 22:14:31 — DEBUG — Result bytes size for command '['dbt', '--log-format', 'json', 'run-operation', 'elementary.log_macro_results', '--args', '{"macro_name": "elementary_cli.get_test_results", "macro_args": {"days_back": 7, "invocations_per_test": 720, "disable_passed_test_metrics": false}}', '--project-dir', '/Users/suman/workspace/dbt-test/dbt-env/lib/python3.11/site-packages/elementary/monitor/dbt_project']' is 27341
2023-11-14 22:14:31 — INFO — Running dbt --log-format json run-operation elementary.log_macro_results --args {"macro_name": "elementary_cli.get_models", "macro_args": {"exclude_elementary": true}} --project-dir /Users/suman/workspace/dbt-test/dbt-env/lib/python3.11/site-packages/elementary/monitor/dbt_project
2023-11-14 22:14:39 — DEBUG — Result bytes size for command '['dbt', '--log-format', 'json', 'run-operation', 'elementary.log_macro_results', '--args', '{"macro_name": "elementary_cli.get_models", "macro_args": {"exclude_elementary": true}}', '--project-dir', '/Users/suman/workspace/dbt-test/dbt-env/lib/python3.11/site-packages/elementary/monitor/dbt_project']' is 3727
2023-11-14 22:14:39 — INFO — Running dbt --log-format json run-operation elementary.log_macro_results --args {"macro_name": "elementary_cli.get_sources", "macro_args": {}} --project-dir /Users/suman/workspace/dbt-test/dbt-env/lib/python3.11/site-packages/elementary/monitor/dbt_project
2023-11-14 22:14:46 — DEBUG — Result bytes size for command '['dbt', '--log-format', 'json', 'run-operation', 'elementary.log_macro_results', '--args', '{"macro_name": "elementary_cli.get_sources", "macro_args": {}}', '--project-dir', '/Users/suman/workspace/dbt-test/dbt-env/lib/python3.11/site-packages/elementary/monitor/dbt_project']' is 1817
2023-11-14 22:14:46 — INFO — Running dbt --log-format json run-operation elementary.log_macro_results --args {"macro_name": "elementary_cli.get_exposures", "macro_args": {}} --project-dir /Users/suman/workspace/dbt-test/dbt-env/lib/python3.11/site-packages/elementary/monitor/dbt_project
2023-11-14 22:14:55 — DEBUG — Result bytes size for command '['dbt', '--log-format', 'json', 'run-operation', 'elementary.log_macro_results', '--args', '{"macro_name": "elementary_cli.get_exposures", "macro_args": {}}', '--project-dir', '/Users/suman/workspace/dbt-test/dbt-env/lib/python3.11/site-packages/elementary/monitor/dbt_project']' is 1817
2023-11-14 22:14:55 — INFO — Running dbt --log-format json run-operation elementary.log_macro_results --args {"macro_name": "elementary_cli.get_models_runs", "macro_args": {"days_back": 7, "exclude_elementary": true}} --project-dir /Users/suman/workspace/dbt-test/dbt-env/lib/python3.11/site-packages/elementary/monitor/dbt_project
2023-11-14 22:15:02 — DEBUG — Result bytes size for command '['dbt', '--log-format', 'json', 'run-operation', 'elementary.log_macro_results', '--args', '{"macro_name": "elementary_cli.get_models_runs", "macro_args": {"days_back": 7, "exclude_elementary": true}}', '--project-dir', '/Users/suman/workspace/dbt-test/dbt-env/lib/python3.11/site-packages/elementary/monitor/dbt_project']' is 1817
2023-11-14 22:15:02 — INFO — Running dbt --log-format json run-operation elementary.log_macro_results --args {"macro_name": "elementary_cli.get_dbt_models_test_coverage", "macro_args": {}} --project-dir /Users/suman/workspace/dbt-test/dbt-env/lib/python3.11/site-packages/elementary/monitor/dbt_project
2023-11-14 22:15:09 — DEBUG — Result bytes size for command '['dbt', '--log-format', 'json', 'run-operation', 'elementary.log_macro_results', '--args', '{"macro_name": "elementary_cli.get_dbt_models_test_coverage", "macro_args": {}}', '--project-dir', '/Users/suman/workspace/dbt-test/dbt-env/lib/python3.11/site-packages/elementary/monitor/dbt_project']' is 2255
2023-11-14 22:15:09 — INFO — Running dbt --log-format json run-operation elementary.log_macro_results --args {"macro_name": "elementary_cli.get_nodes_depends_on_nodes", "macro_args": {"exclude_elementary": true}} --project-dir /Users/suman/workspace/dbt-test/dbt-env/lib/python3.11/site-packages/elementary/monitor/dbt_project
2023-11-14 22:15:17 — DEBUG — Result bytes size for command '['dbt', '--log-format', 'json', 'run-operation', 'elementary.log_macro_results', '--args', '{"macro_name": "elementary_cli.get_nodes_depends_on_nodes", "macro_args": {"exclude_elementary": true}}', '--project-dir', '/Users/suman/workspace/dbt-test/dbt-env/lib/python3.11/site-packages/elementary/monitor/dbt_project']' is 2367
2023-11-14 22:15:17 — INFO — Running dbt --log-format json run-operation elementary.log_macro_results --args {"macro_name": "elementary_cli.get_models_latest_invocation", "macro_args": {}} --project-dir /Users/suman/workspace/dbt-test/dbt-env/lib/python3.11/site-packages/elementary/monitor/dbt_project
2023-11-14 22:15:23 — DEBUG — Result bytes size for command '['dbt', '--log-format', 'json', 'run-operation', 'elementary.log_macro_results', '--args', '{"macro_name": "elementary_cli.get_models_latest_invocation", "macro_args": {}}', '--project-dir', '/Users/suman/workspace/dbt-test/dbt-env/lib/python3.11/site-packages/elementary/monitor/dbt_project']' is 8913
2023-11-14 22:15:23 — INFO — Running dbt --log-format json run-operation elementary.log_macro_results --args {"macro_name": "elementary_cli.get_models_latest_invocations_data", "macro_args": {}} --project-dir /Users/suman/workspace/dbt-test/dbt-env/lib/python3.11/site-packages/elementary/monitor/dbt_project
2023-11-14 22:15:31 — DEBUG — Result bytes size for command '['dbt', '--log-format', 'json', 'run-operation', 'elementary.log_macro_results', '--args', '{"macro_name": "elementary_cli.get_models_latest_invocations_data", "macro_args": {}}', '--project-dir', '/Users/suman/workspace/dbt-test/dbt-env/lib/python3.11/site-packages/elementary/monitor/dbt_project']' is 2273
2023-11-14 22:15:31 — INFO — Uploading to S3 bucket "dev-test99"
2023-11-14 22:15:56 — INFO — Uploaded report to S3.
